0 verbose cli /usr/local/bin/node /usr/local/bin/npm
1 info using npm@11.9.0
2 info using node@v24.14.0
3 silly config load:file:/usr/local/lib/node_modules/npm/npmrc
4 silly config load:file:/Users/laupy/MyDoc/Coding/my-profile/.npmrc
5 silly config load:file:/Users/laupy/.npmrc
6 silly config load:file:/Users/laupy/.npm-global/etc/npmrc
7 verbose title npm install gh-pages
8 verbose argv "install" "--save-dev" "gh-pages" "--cache" ".npm-cache"
9 verbose logfile logs-max:10 dir:/Users/laupy/MyDoc/Coding/my-profile/.npm-cache/_logs/2026-06-30T13_33_13_433Z-
10 verbose logfile /Users/laupy/MyDoc/Coding/my-profile/.npm-cache/_logs/2026-06-30T13_33_13_433Z-debug-0.log
11 silly logfile done cleaning log files
12 silly packumentCache heap:4496293888 maxSize:1124073472 maxEntrySize:562036736
13 silly idealTree buildDeps
14 silly fetch manifest gh-pages@*
15 silly packumentCache full:https://registry.npmjs.org/gh-pages cache-miss
16 http fetch GET 200 https://registry.npmjs.org/npm 238ms
17 http fetch GET 200 https://registry.npmjs.org/gh-pages 164ms (cache miss)
18 silly packumentCache full:https://registry.npmjs.org/gh-pages set size:undefined disposed:false
19 silly placeDep ROOT gh-pages@6.3.0 OK for: personal_porfolio@0.1.0 want: *
20 silly fetch manifest async@^3.2.4
21 silly packumentCache full:https://registry.npmjs.org/async cache-miss
22 silly fetch manifest globby@^11.1.0
23 silly packumentCache full:https://registry.npmjs.org/globby cache-miss
24 silly fetch manifest fs-extra@^11.1.1
25 silly packumentCache full:https://registry.npmjs.org/fs-extra cache-miss
26 silly fetch manifest commander@^13.0.0
27 silly packumentCache full:https://registry.npmjs.org/commander cache-miss
28 silly fetch manifest filenamify@^4.3.0
29 silly packumentCache full:https://registry.npmjs.org/filenamify cache-miss
30 silly fetch manifest find-cache-dir@^3.3.1
31 silly packumentCache full:https://registry.npmjs.org/find-cache-dir cache-miss
32 silly fetch manifest email-addresses@^5.0.0
33 silly packumentCache full:https://registry.npmjs.org/email-addresses cache-miss
34 http fetch GET 200 https://registry.npmjs.org/globby 42ms (cache miss)
35 silly packumentCache full:https://registry.npmjs.org/globby set size:undefined disposed:false
36 http fetch GET 200 https://registry.npmjs.org/async 50ms (cache miss)
37 silly packumentCache full:https://registry.npmjs.org/async set size:undefined disposed:false
38 http fetch GET 200 https://registry.npmjs.org/fs-extra 75ms (cache miss)
39 silly packumentCache full:https://registry.npmjs.org/fs-extra set size:undefined disposed:false
40 http fetch GET 200 https://registry.npmjs.org/filenamify 83ms (cache miss)
41 silly packumentCache full:https://registry.npmjs.org/filenamify set size:undefined disposed:false
42 http fetch GET 200 https://registry.npmjs.org/email-addresses 85ms (cache miss)
43 silly packumentCache full:https://registry.npmjs.org/email-addresses set size:undefined disposed:false
44 http fetch GET 200 https://registry.npmjs.org/find-cache-dir 104ms (cache miss)
45 silly packumentCache full:https://registry.npmjs.org/find-cache-dir set size:undefined disposed:false
46 http fetch GET 200 https://registry.npmjs.org/commander 130ms (cache miss)
47 silly packumentCache full:https://registry.npmjs.org/commander set size:undefined disposed:false
48 silly placeDep ROOT async@3.2.6 OK for: gh-pages@6.3.0 want: ^3.2.4
49 silly placeDep node_modules/gh-pages commander@13.1.0 OK for: gh-pages@6.3.0 want: ^13.0.0
50 silly placeDep ROOT email-addresses@5.0.0 OK for: gh-pages@6.3.0 want: ^5.0.0
51 silly placeDep ROOT filenamify@4.3.0 OK for: gh-pages@6.3.0 want: ^4.3.0
52 silly placeDep ROOT find-cache-dir@3.3.2 OK for: gh-pages@6.3.0 want: ^3.3.1
53 silly placeDep ROOT fs-extra@11.3.6 OK for: gh-pages@6.3.0 want: ^11.1.1
54 silly placeDep ROOT globby@11.1.0 OK for: gh-pages@6.3.0 want: ^11.1.0
55 silly fetch manifest strip-outer@^1.0.1
56 silly packumentCache full:https://registry.npmjs.org/strip-outer cache-miss
57 silly fetch manifest trim-repeated@^1.0.0
58 silly packumentCache full:https://registry.npmjs.org/trim-repeated cache-miss
59 silly fetch manifest filename-reserved-regex@^2.0.0
60 silly packumentCache full:https://registry.npmjs.org/filename-reserved-regex cache-miss
61 silly fetch manifest pkg-dir@^4.1.0
62 silly packumentCache full:https://registry.npmjs.org/pkg-dir cache-miss
63 silly fetch manifest make-dir@^3.0.2
64 silly packumentCache full:https://registry.npmjs.org/make-dir cache-miss
65 silly fetch manifest commondir@^1.0.1
66 silly packumentCache full:https://registry.npmjs.org/commondir cache-miss
67 silly fetch manifest jsonfile@^6.0.1
68 silly packumentCache full:https://registry.npmjs.org/jsonfile cache-miss
69 silly fetch manifest universalify@^2.0.0
70 silly packumentCache full:https://registry.npmjs.org/universalify cache-miss
71 silly fetch manifest slash@^3.0.0
72 silly packumentCache full:https://registry.npmjs.org/slash cache-miss
73 http fetch GET 200 https://registry.npmjs.org/strip-outer 42ms (cache miss)
74 silly packumentCache full:https://registry.npmjs.org/strip-outer set size:undefined disposed:false
75 silly fetch manifest dir-glob@^3.0.1
76 silly packumentCache full:https://registry.npmjs.org/dir-glob cache-miss
77 http fetch GET 200 https://registry.npmjs.org/make-dir 44ms (cache miss)
78 silly packumentCache full:https://registry.npmjs.org/make-dir set size:undefined disposed:false
79 silly fetch manifest array-union@^2.1.0
80 silly packumentCache full:https://registry.npmjs.org/array-union cache-miss
81 http fetch GET 200 https://registry.npmjs.org/filename-reserved-regex 44ms (cache miss)
82 silly packumentCache full:https://registry.npmjs.org/filename-reserved-regex set size:undefined disposed:false
83 http fetch GET 200 https://registry.npmjs.org/pkg-dir 45ms (cache miss)
84 silly packumentCache full:https://registry.npmjs.org/pkg-dir set size:undefined disposed:false
85 http fetch GET 200 https://registry.npmjs.org/jsonfile 47ms (cache miss)
86 silly packumentCache full:https://registry.npmjs.org/jsonfile set size:undefined disposed:false
87 http fetch GET 200 https://registry.npmjs.org/commondir 48ms (cache miss)
88 silly packumentCache full:https://registry.npmjs.org/commondir set size:undefined disposed:false
89 http fetch GET 200 https://registry.npmjs.org/trim-repeated 49ms (cache miss)
90 silly packumentCache full:https://registry.npmjs.org/trim-repeated set size:undefined disposed:false
91 http fetch GET 200 https://registry.npmjs.org/dir-glob 28ms (cache miss)
92 silly packumentCache full:https://registry.npmjs.org/dir-glob set size:undefined disposed:false
93 http fetch GET 200 https://registry.npmjs.org/array-union 31ms (cache miss)
94 silly packumentCache full:https://registry.npmjs.org/array-union set size:undefined disposed:false
95 http fetch GET 200 https://registry.npmjs.org/universalify 85ms (cache miss)
96 silly packumentCache full:https://registry.npmjs.org/universalify set size:undefined disposed:false
97 http fetch GET 200 https://registry.npmjs.org/slash 97ms (cache miss)
98 silly packumentCache full:https://registry.npmjs.org/slash set size:undefined disposed:false
99 silly placeDep ROOT filename-reserved-regex@2.0.0 OK for: filenamify@4.3.0 want: ^2.0.0
100 silly placeDep ROOT strip-outer@1.0.1 OK for: filenamify@4.3.0 want: ^1.0.1
101 silly placeDep ROOT trim-repeated@1.0.0 OK for: filenamify@4.3.0 want: ^1.0.0
102 silly fetch manifest escape-string-regexp@^1.0.2
103 silly packumentCache full:https://registry.npmjs.org/escape-string-regexp cache-miss
104 silly fetch manifest escape-string-regexp@^1.0.2
105 silly packumentCache full:https://registry.npmjs.org/escape-string-regexp cache-miss
106 http fetch GET 200 https://registry.npmjs.org/escape-string-regexp 34ms (cache miss)
107 silly packumentCache full:https://registry.npmjs.org/escape-string-regexp set size:undefined disposed:false
108 http fetch GET 200 https://registry.npmjs.org/escape-string-regexp 35ms (cache miss)
109 silly packumentCache full:https://registry.npmjs.org/escape-string-regexp set size:undefined disposed:false
110 silly placeDep ROOT commondir@1.0.1 OK for: find-cache-dir@3.3.2 want: ^1.0.1
111 silly placeDep ROOT make-dir@3.1.0 OK for: find-cache-dir@3.3.2 want: ^3.0.2
112 silly placeDep ROOT pkg-dir@4.2.0 OK for: find-cache-dir@3.3.2 want: ^4.1.0
113 silly fetch manifest semver@^6.0.0
114 silly packumentCache full:https://registry.npmjs.org/semver cache-miss
115 silly fetch manifest find-up@^4.0.0
116 silly packumentCache full:https://registry.npmjs.org/find-up cache-miss
117 http fetch GET 200 https://registry.npmjs.org/find-up 41ms (cache miss)
118 silly packumentCache full:https://registry.npmjs.org/find-up set size:undefined disposed:false
119 http fetch GET 200 https://registry.npmjs.org/semver 47ms (cache miss)
120 silly packumentCache full:https://registry.npmjs.org/semver set size:undefined disposed:false
121 silly placeDep ROOT jsonfile@6.2.1 OK for: fs-extra@11.3.6 want: ^6.0.1
122 silly placeDep ROOT universalify@2.0.1 OK for: fs-extra@11.3.6 want: ^2.0.0
123 silly placeDep ROOT array-union@2.1.0 OK for: globby@11.1.0 want: ^2.1.0
124 silly placeDep ROOT dir-glob@3.0.1 OK for: globby@11.1.0 want: ^3.0.1
125 silly placeDep ROOT slash@3.0.0 OK for: globby@11.1.0 want: ^3.0.0
126 silly fetch manifest path-type@^4.0.0
127 silly packumentCache full:https://registry.npmjs.org/path-type cache-miss
128 http fetch GET 200 https://registry.npmjs.org/path-type 41ms (cache miss)
129 silly packumentCache full:https://registry.npmjs.org/path-type set size:undefined disposed:false
130 silly placeDep ROOT path-type@4.0.0 OK for: dir-glob@3.0.1 want: ^4.0.0
131 silly placeDep node_modules/make-dir semver@6.3.1 OK for: make-dir@3.1.0 want: ^6.0.0
132 silly placeDep node_modules/pkg-dir find-up@4.1.0 OK for: pkg-dir@4.2.0 want: ^4.0.0
133 silly fetch manifest locate-path@^5.0.0
134 silly packumentCache full:https://registry.npmjs.org/locate-path cache-miss
135 http fetch GET 200 https://registry.npmjs.org/locate-path 36ms (cache miss)
136 silly packumentCache full:https://registry.npmjs.org/locate-path set size:undefined disposed:false
137 silly placeDep node_modules/strip-outer escape-string-regexp@1.0.5 OK for: strip-outer@1.0.1 want: ^1.0.2
138 silly placeDep node_modules/trim-repeated escape-string-regexp@1.0.5 OK for: trim-repeated@1.0.0 want: ^1.0.2
139 silly placeDep node_modules/pkg-dir locate-path@5.0.0 OK for: find-up@4.1.0 want: ^5.0.0
140 silly fetch manifest p-locate@^4.1.0
141 silly packumentCache full:https://registry.npmjs.org/p-locate cache-miss
142 http fetch GET 200 https://registry.npmjs.org/p-locate 35ms (cache miss)
143 silly packumentCache full:https://registry.npmjs.org/p-locate set size:undefined disposed:false
144 silly placeDep node_modules/pkg-dir p-locate@4.1.0 OK for: locate-path@5.0.0 want: ^4.1.0
145 silly fetch manifest p-limit@^2.2.0
146 silly packumentCache full:https://registry.npmjs.org/p-limit cache-miss
147 http fetch GET 200 https://registry.npmjs.org/p-limit 43ms (cache miss)
148 silly packumentCache full:https://registry.npmjs.org/p-limit set size:undefined disposed:false
149 silly placeDep node_modules/pkg-dir p-limit@2.3.0 OK for: p-locate@4.1.0 want: ^2.2.0
150 silly fetch manifest p-try@^2.0.0
151 silly packumentCache full:https://registry.npmjs.org/p-try cache-miss
152 http fetch GET 200 https://registry.npmjs.org/p-try 32ms (cache miss)
153 silly packumentCache full:https://registry.npmjs.org/p-try set size:undefined disposed:false
154 silly placeDep ROOT p-try@2.2.0 OK for: p-limit@2.3.0 want: ^2.0.0
155 silly reify moves {}
156 silly audit bulk request {
156 silly audit   '@alloc/quick-lru': [ '5.2.0' ],
156 silly audit   '@emailjs/browser': [ '4.4.1' ],
156 silly audit   '@emnapi/runtime': [ '1.3.1' ],
156 silly audit   '@eslint-community/eslint-utils': [ '4.4.0' ],
156 silly audit   '@eslint-community/regexpp': [ '4.11.1' ],
156 silly audit   '@eslint/eslintrc': [ '2.1.4' ],
156 silly audit   '@eslint/js': [ '8.57.1' ],
156 silly audit   '@humanwhocodes/config-array': [ '0.13.0' ],
156 silly audit   '@humanwhocodes/module-importer': [ '1.0.1' ],
156 silly audit   '@humanwhocodes/object-schema': [ '2.0.3' ],
156 silly audit   '@img/sharp-darwin-arm64': [ '0.33.5' ],
156 silly audit   '@img/sharp-darwin-x64': [ '0.33.5' ],
156 silly audit   '@img/sharp-libvips-darwin-arm64': [ '1.0.4' ],
156 silly audit   '@img/sharp-libvips-darwin-x64': [ '1.0.4' ],
156 silly audit   '@img/sharp-libvips-linux-arm': [ '1.0.5' ],
156 silly audit   '@img/sharp-libvips-linux-arm64': [ '1.0.4' ],
156 silly audit   '@img/sharp-libvips-linux-s390x': [ '1.0.4' ],
156 silly audit   '@img/sharp-libvips-linux-x64': [ '1.0.4' ],
156 silly audit   '@img/sharp-libvips-linuxmusl-arm64': [ '1.0.4' ],
156 silly audit   '@img/sharp-libvips-linuxmusl-x64': [ '1.0.4' ],
156 silly audit   '@img/sharp-linux-arm': [ '0.33.5' ],
156 silly audit   '@img/sharp-linux-arm64': [ '0.33.5' ],
156 silly audit   '@img/sharp-linux-s390x': [ '0.33.5' ],
156 silly audit   '@img/sharp-linux-x64': [ '0.33.5' ],
156 silly audit   '@img/sharp-linuxmusl-arm64': [ '0.33.5' ],
156 silly audit   '@img/sharp-linuxmusl-x64': [ '0.33.5' ],
156 silly audit   '@img/sharp-wasm32': [ '0.33.5' ],
156 silly audit   '@img/sharp-win32-ia32': [ '0.33.5' ],
156 silly audit   '@img/sharp-win32-x64': [ '0.33.5' ],
156 silly audit   '@isaacs/cliui': [ '8.0.2' ],
156 silly audit   'ansi-regex': [ '6.1.0', '5.0.1' ],
156 silly audit   'strip-ansi': [ '7.1.0', '6.0.1' ],
156 silly audit   '@jridgewell/gen-mapping': [ '0.3.5' ],
156 silly audit   '@jridgewell/resolve-uri': [ '3.1.2' ],
156 silly audit   '@jridgewell/set-array': [ '1.2.1' ],
156 silly audit   '@jridgewell/sourcemap-codec': [ '1.5.0' ],
156 silly audit   '@jridgewell/trace-mapping': [ '0.3.25' ],
156 silly audit   '@next/env': [ '14.2.16' ],
156 silly audit   '@next/eslint-plugin-next': [ '14.2.16' ],
156 silly audit   '@next/swc-darwin-arm64': [ '14.2.16' ],
156 silly audit   '@next/swc-darwin-x64': [ '14.2.16' ],
156 silly audit   '@next/swc-linux-arm64-gnu': [ '14.2.16' ],
156 silly audit   '@next/swc-linux-arm64-musl': [ '14.2.16' ],
156 silly audit   '@next/swc-linux-x64-gnu': [ '14.2.16' ],
156 silly audit   '@next/swc-linux-x64-musl': [ '14.2.16' ],
156 silly audit   '@next/swc-win32-arm64-msvc': [ '14.2.16' ],
156 silly audit   '@next/swc-win32-ia32-msvc': [ '14.2.16' ],
156 silly audit   '@next/swc-win32-x64-msvc': [ '14.2.16' ],
156 silly audit   '@nodelib/fs.scandir': [ '2.1.5' ],
156 silly audit   '@nodelib/fs.stat': [ '2.0.5' ],
156 silly audit   '@nodelib/fs.walk': [ '1.2.8' ],
156 silly audit   '@nolyfill/is-core-module': [ '1.0.39' ],
156 silly audit   '@pkgjs/parseargs': [ '0.11.0' ],
156 silly audit   '@rtsao/scc': [ '1.1.0' ],
156 silly audit   '@rushstack/eslint-patch': [ '1.10.4' ],
156 silly audit   '@swc/counter': [ '0.1.3' ],
156 silly audit   '@swc/helpers': [ '0.5.5' ],
156 silly audit   '@types/json5': [ '0.0.29' ],
156 silly audit   '@types/node': [ '20.16.14' ],
156 silly audit   '@types/prop-types': [ '15.7.13' ],
156 silly audit   '@types/react': [ '18.3.11' ],
156 silly audit   '@types/react-dom': [ '18.3.1' ],
156 silly audit   '@typescript-eslint/eslint-plugin': [ '8.11.0' ],
156 silly audit   '@typescript-eslint/parser': [ '8.11.0' ],
156 silly audit   '@typescript-eslint/scope-manager': [ '8.11.0' ],
156 silly audit   '@typescript-eslint/type-utils': [ '8.11.0' ],
156 silly audit   '@typescript-eslint/types': [ '8.11.0' ],
156 silly audit   '@typescript-eslint/typescript-estree': [ '8.11.0' ],
156 silly audit   'brace-expansion': [ '2.0.1', '1.1.11' ],
156 silly audit   minimatch: [ '9.0.5', '3.1.2' ],
156 silly audit   '@typescript-eslint/utils': [ '8.11.0' ],
156 silly audit   '@typescript-eslint/visitor-keys': [ '8.11.0' ],
156 silly audit   '@ungap/structured-clone': [ '1.2.0' ],
156 silly audit   acorn: [ '8.13.0' ],
156 silly audit   'acorn-jsx': [ '5.3.2' ],
156 silly audit   ajv: [ '6.12.6' ],
156 silly audit   'ansi-styles': [ '4.3.0', '6.2.1' ],
156 silly audit   'any-promise': [ '1.3.0' ],
156 silly audit   anymatch: [ '3.1.3' ],
156 silly audit   arg: [ '5.0.2' ],
156 silly audit   argparse: [ '2.0.1' ],
156 silly audit   'aria-query': [ '5.3.2' ],
156 silly audit   'array-buffer-byte-length': [ '1.0.1' ],
156 silly audit   'array-includes': [ '3.1.8' ],
156 silly audit   'array.prototype.findlast': [ '1.2.5' ],
156 silly audit   'array.prototype.findlastindex': [ '1.2.5' ],
156 silly audit   'array.prototype.flat': [ '1.3.2' ],
156 silly audit   'array.prototype.flatmap': [ '1.3.2' ],
156 silly audit   'array.prototype.tosorted': [ '1.1.4' ],
156 silly audit   'arraybuffer.prototype.slice': [ '1.0.3' ],
156 silly audit   'ast-types-flow': [ '0.0.8' ],
156 silly audit   'available-typed-arrays': [ '1.0.7' ],
156 silly audit   'axe-core': [ '4.10.1' ],
156 silly audit   'axobject-query': [ '4.1.0' ],
156 silly audit   'balanced-match': [ '1.0.2' ],
156 silly audit   'binary-extensions': [ '2.3.0' ],
156 silly audit   braces: [ '3.0.3' ],
156 silly audit   busboy: [ '1.6.0' ],
156 silly audit   'call-bind': [ '1.0.7' ],
156 silly audit   callsites: [ '3.1.0' ],
156 silly audit   'camelcase-css': [ '2.0.1' ],
156 silly audit   'caniuse-lite': [ '1.0.30001669' ],
156 silly audit   chalk: [ '4.1.2' ],
156 silly audit   chokidar: [ '3.6.0' ],
156 silly audit   'glob-parent': [ '5.1.2', '6.0.2' ],
156 silly audit   'client-only': [ '0.0.1' ],
156 silly audit   clsx: [ '2.1.1' ],
156 silly audit   color: [ '4.2.3' ],
156 silly audit   'color-convert': [ '2.0.1' ],
156 silly audit   'color-name': [ '1.1.4' ],
156 silly audit   'color-string': [ '1.9.1' ],
156 silly audit   commander: [ '4.1.1', '13.1.0' ],
156 silly audit   'concat-map': [ '0.0.1' ],
156 silly audit   'cross-spawn': [ '7.0.3' ],
156 silly audit   cssesc: [ '3.0.0' ],
156 silly audit   csstype: [ '3.1.3' ],
156 silly audit   'damerau-levenshtein': [ '1.0.8' ],
156 silly audit   'data-view-buffer': [ '1.0.1' ],
156 silly audit   'data-view-byte-length': [ '1.0.1' ],
156 silly audit   'data-view-byte-offset': [ '1.0.0' ],
156 silly audit   debug: [ '4.3.7', '3.2.7' ],
156 silly audit   'deep-is': [ '0.1.4' ],
156 silly audit   'define-data-property': [ '1.1.4' ],
156 silly audit   'define-properties': [ '1.2.1' ],
156 silly audit   'detect-libc': [ '2.0.3' ],
156 silly audit   didyoumean: [ '1.2.2' ],
156 silly audit   dlv: [ '1.1.3' ],
156 silly audit   doctrine: [ '3.0.0', '2.1.0' ],
156 silly audit   eastasianwidth: [ '0.2.0' ],
156 silly audit   'emoji-regex': [ '9.2.2', '8.0.0' ],
156 silly audit   'enhanced-resolve': [ '5.17.1' ],
156 silly audit   'es-abstract': [ '1.23.3' ],
156 silly audit   'es-define-property': [ '1.0.0' ],
156 silly audit   'es-errors': [ '1.3.0' ],
156 silly audit   'es-iterator-helpers': [ '1.1.0' ],
156 silly audit   'es-object-atoms': [ '1.0.0' ],
156 silly audit   'es-set-tostringtag': [ '2.0.3' ],
156 silly audit   'es-shim-unscopables': [ '1.0.2' ],
156 silly audit   'es-to-primitive': [ '1.2.1' ],
156 silly audit   'escape-string-regexp': [ '4.0.0', '1.0.5' ],
156 silly audit   eslint: [ '8.57.1' ],
156 silly audit   'eslint-config-next': [ '14.2.16' ],
156 silly audit   'eslint-import-resolver-node': [ '0.3.9' ],
156 silly audit   'eslint-import-resolver-typescript': [ '3.6.3' ],
156 silly audit   'eslint-module-utils': [ '2.12.0' ],
156 silly audit   'eslint-plugin-import': [ '2.31.0' ],
156 silly audit   semver: [ '6.3.1', '7.6.3' ],
156 silly audit   'eslint-plugin-jsx-a11y': [ '6.10.1' ],
156 silly audit   'eslint-plugin-react': [ '7.37.2' ],
156 silly audit   'eslint-plugin-react-hooks': [ '5.0.0-canary-7118f5dd7-20230705' ],
156 silly audit   resolve: [ '2.0.0-next.5', '1.22.8' ],
156 silly audit   'eslint-scope': [ '7.2.2' ],
156 silly audit   'eslint-visitor-keys': [ '3.4.3' ],
156 silly audit   espree: [ '9.6.1' ],
156 silly audit   esquery: [ '1.6.0' ],
156 silly audit   esrecurse: [ '4.3.0' ],
156 silly audit   estraverse: [ '5.3.0' ],
156 silly audit   esutils: [ '2.0.3' ],
156 silly audit   'fast-deep-equal': [ '3.1.3' ],
156 silly audit   'fast-glob': [ '3.3.2' ],
156 silly audit   'fast-json-stable-stringify': [ '2.1.0' ],
156 silly audit   'fast-levenshtein': [ '2.0.6' ],
156 silly audit   fastq: [ '1.17.1' ],
156 silly audit   'file-entry-cache': [ '6.0.1' ],
156 silly audit   'fill-range': [ '7.1.1' ],
156 silly audit   'find-up': [ '5.0.0', '4.1.0' ],
156 silly audit   'flat-cache': [ '3.2.0' ],
156 silly audit   flatted: [ '3.3.1' ],
156 silly audit   'for-each': [ '0.3.3' ],
156 silly audit   'foreground-child': [ '3.3.0' ],
156 silly audit   'fs.realpath': [ '1.0.0' ],
156 silly audit   fsevents: [ '2.3.3' ],
156 silly audit   'function-bind': [ '1.1.2' ],
156 silly audit   'function.prototype.name': [ '1.1.6' ],
156 silly audit   'functions-have-names': [ '1.2.3' ],
156 silly audit   'get-intrinsic': [ '1.2.4' ],
156 silly audit   'get-symbol-description': [ '1.0.2' ],
156 silly audit   'get-tsconfig': [ '4.8.1' ],
156 silly audit   glob: [ '10.3.10', '7.2.3' ],
156 silly audit   globals: [ '13.24.0' ],
156 silly audit   globalthis: [ '1.0.4' ],
156 silly audit   gopd: [ '1.0.1' ],
156 silly audit   'graceful-fs': [ '4.2.11' ],
156 silly audit   graphemer: [ '1.4.0' ],
156 silly audit   'has-bigints': [ '1.0.2' ],
156 silly audit   'has-flag': [ '4.0.0' ],
156 silly audit   'has-property-descriptors': [ '1.0.2' ],
156 silly audit   'has-proto': [ '1.0.3' ],
156 silly audit   'has-symbols': [ '1.0.3' ],
156 silly audit   'has-tostringtag': [ '1.0.2' ],
156 silly audit   hasown: [ '2.0.2' ],
156 silly audit   ignore: [ '5.3.2' ],
156 silly audit   'import-fresh': [ '3.3.0' ],
156 silly audit   imurmurhash: [ '0.1.4' ],
156 silly audit   inflight: [ '1.0.6' ],
156 silly audit   inherits: [ '2.0.4' ],
156 silly audit   'internal-slot': [ '1.0.7' ],
156 silly audit   'is-array-buffer': [ '3.0.4' ],
156 silly audit   'is-arrayish': [ '0.3.2' ],
156 silly audit   'is-async-function': [ '2.0.0' ],
156 silly audit   'is-bigint': [ '1.0.4' ],
156 silly audit   'is-binary-path': [ '2.1.0' ],
156 silly audit   'is-boolean-object': [ '1.1.2' ],
156 silly audit   'is-bun-module': [ '1.2.1' ],
156 silly audit   'is-callable': [ '1.2.7' ],
156 silly audit   'is-core-module': [ '2.15.1' ],
156 silly audit   'is-data-view': [ '1.0.1' ],
156 silly audit   'is-date-object': [ '1.0.5' ],
156 silly audit   'is-extglob': [ '2.1.1' ],
156 silly audit   'is-finalizationregistry': [ '1.0.2' ],
156 silly audit   'is-fullwidth-code-point': [ '3.0.0' ],
156 silly audit   'is-generator-function': [ '1.0.10' ],
156 silly audit   'is-glob': [ '4.0.3' ],
156 silly audit   'is-map': [ '2.0.3' ],
156 silly audit   'is-negative-zero': [ '2.0.3' ],
156 silly audit   'is-number': [ '7.0.0' ],
156 silly audit   'is-number-object': [ '1.0.7' ],
156 silly audit   'is-path-inside': [ '3.0.3' ],
156 silly audit   'is-regex': [ '1.1.4' ],
156 silly audit   'is-set': [ '2.0.3' ],
156 silly audit   'is-shared-array-buffer': [ '1.0.3' ],
156 silly audit   'is-string': [ '1.0.7' ],
156 silly audit   'is-symbol': [ '1.0.4' ],
156 silly audit   'is-typed-array': [ '1.1.13' ],
156 silly audit   'is-weakmap': [ '2.0.2' ],
156 silly audit   'is-weakref': [ '1.0.2' ],
156 silly audit   'is-weakset': [ '2.0.3' ],
156 silly audit   isarray: [ '2.0.5' ],
156 silly audit   isexe: [ '2.0.0' ],
156 silly audit   'iterator.prototype': [ '1.1.3' ],
156 silly audit   jackspeak: [ '2.3.6' ],
156 silly audit   jiti: [ '1.21.6' ],
156 silly audit   'js-tokens': [ '4.0.0' ],
156 silly audit   'js-yaml': [ '4.1.0' ],
156 silly audit   'json-buffer': [ '3.0.1' ],
156 silly audit   'json-schema-traverse': [ '0.4.1' ],
156 silly audit   'json-stable-stringify-without-jsonify': [ '1.0.1' ],
156 silly audit   json5: [ '1.0.2' ],
156 silly audit   'jsx-ast-utils': [ '3.3.5' ],
156 silly audit   keyv: [ '4.5.4' ],
156 silly audit   'language-subtag-registry': [ '0.3.23' ],
156 silly audit   'language-tags': [ '1.0.9' ],
156 silly audit   levn: [ '0.4.1' ],
156 silly audit   lilconfig: [ '2.1.0', '3.1.2' ],
156 silly audit   'lines-and-columns': [ '1.2.4' ],
156 silly audit   'locate-path': [ '6.0.0', '5.0.0' ],
156 silly audit   'lodash.merge': [ '4.6.2' ],
156 silly audit   'loose-envify': [ '1.4.0' ],
156 silly audit   'lru-cache': [ '10.4.3' ],
156 silly audit   merge2: [ '1.4.1' ],
156 silly audit   micromatch: [ '4.0.8' ],
156 silly audit   minimist: [ '1.2.8' ],
156 silly audit   minipass: [ '7.1.2' ],
156 silly audit   ms: [ '2.1.3' ],
156 silly audit   mz: [ '2.7.0' ],
156 silly audit   nanoid: [ '3.3.7' ],
156 silly audit   'natural-compare': [ '1.4.0' ],
156 silly audit   next: [ '14.2.16' ],
156 silly audit   postcss: [ '8.4.31', '8.4.47' ],
156 silly audit   'normalize-path': [ '3.0.0' ],
156 silly audit   'object-assign': [ '4.1.1' ],
156 silly audit   'object-hash': [ '3.0.0' ],
156 silly audit   'object-inspect': [ '1.13.2' ],
156 silly audit   'object-keys': [ '1.1.1' ],
156 silly audit   'object.assign': [ '4.1.5' ],
156 silly audit   'object.entries': [ '1.1.8' ],
156 silly audit   'object.fromentries': [ '2.0.8' ],
156 silly audit   'object.groupby': [ '1.0.3' ],
156 silly audit   'object.values': [ '1.2.0' ],
156 silly audit   once: [ '1.4.0' ],
156 silly audit   optionator: [ '0.9.4' ],
156 silly audit   'p-limit': [ '3.1.0', '2.3.0' ],
156 silly audit   'p-locate': [ '5.0.0', '4.1.0' ],
156 silly audit   'parent-module': [ '1.0.1' ],
156 silly audit   'path-exists': [ '4.0.0' ],
156 silly audit   'path-is-absolute': [ '1.0.1' ],
156 silly audit   'path-key': [ '3.1.1' ],
156 silly audit   'path-parse': [ '1.0.7' ],
156 silly audit   'path-scurry': [ '1.11.1' ],
156 silly audit   picocolors: [ '1.1.1' ],
156 silly audit   picomatch: [ '2.3.1' ],
156 silly audit   pify: [ '2.3.0' ],
156 silly audit   pirates: [ '4.0.6' ],
156 silly audit   'possible-typed-array-names': [ '1.0.0' ],
156 silly audit   'postcss-import': [ '15.1.0' ],
156 silly audit   'postcss-js': [ '4.0.1' ],
156 silly audit   'postcss-load-config': [ '4.0.2' ],
156 silly audit   'postcss-nested': [ '6.2.0' ],
156 silly audit   'postcss-selector-parser': [ '6.1.2' ],
156 silly audit   'postcss-value-parser': [ '4.2.0' ],
156 silly audit   'prelude-ls': [ '1.2.1' ],
156 silly audit   'prop-types': [ '15.8.1' ],
156 silly audit   punycode: [ '2.3.1' ],
156 silly audit   'queue-microtask': [ '1.2.3' ],
156 silly audit   react: [ '18.3.1' ],
156 silly audit   'react-dom': [ '18.3.1' ],
156 silly audit   'react-icons': [ '5.3.0' ],
156 silly audit   'react-is': [ '16.13.1' ],
156 silly audit   'read-cache': [ '1.0.0' ],
156 silly audit   readdirp: [ '3.6.0' ],
156 silly audit   'reflect.getprototypeof': [ '1.0.6' ],
156 silly audit   'regexp.prototype.flags': [ '1.5.3' ],
156 silly audit   'resolve-from': [ '4.0.0' ],
156 silly audit   'resolve-pkg-maps': [ '1.0.0' ],
156 silly audit   reusify: [ '1.0.4' ],
156 silly audit   rimraf: [ '3.0.2' ],
156 silly audit   'run-parallel': [ '1.2.0' ],
156 silly audit   'safe-array-concat': [ '1.1.2' ],
156 silly audit   'safe-regex-test': [ '1.0.3' ],
156 silly audit   scheduler: [ '0.23.2' ],
156 silly audit   'set-function-length': [ '1.2.2' ],
156 silly audit   'set-function-name': [ '2.0.2' ],
156 silly audit   sharp: [ '0.33.5' ],
156 silly audit   'shebang-command': [ '2.0.0' ],
156 silly audit   'shebang-regex': [ '3.0.0' ],
156 silly audit   'side-channel': [ '1.0.6' ],
156 silly audit   'signal-exit': [ '4.1.0' ],
156 silly audit   'simple-swizzle': [ '0.2.2' ],
156 silly audit   'source-map-js': [ '1.2.1' ],
156 silly audit   streamsearch: [ '1.1.0' ],
156 silly audit   'string-width': [ '5.1.2', '4.2.3' ],
156 silly audit   'string.prototype.includes': [ '2.0.1' ],
156 silly audit   'string.prototype.matchall': [ '4.0.11' ],
156 silly audit   'string.prototype.repeat': [ '1.0.0' ],
156 silly audit   'string.prototype.trim': [ '1.2.9' ],
156 silly audit   'string.prototype.trimend': [ '1.0.8' ],
156 silly audit   'string.prototype.trimstart': [ '1.0.8' ],
156 silly audit   'strip-bom': [ '3.0.0' ],
156 silly audit   'strip-json-comments': [ '3.1.1' ],
156 silly audit   'styled-jsx': [ '5.1.1' ],
156 silly audit   sucrase: [ '3.35.0' ],
156 silly audit   'supports-color': [ '7.2.0' ],
156 silly audit   'supports-preserve-symlinks-flag': [ '1.0.0' ],
156 silly audit   tailwindcss: [ '3.4.14' ],
156 silly audit   tapable: [ '2.2.1' ],
156 silly audit   'text-table': [ '0.2.0' ],
156 silly audit   thenify: [ '3.3.1' ],
156 silly audit   'thenify-all': [ '1.6.0' ],
156 silly audit   'to-regex-range': [ '5.0.1' ],
156 silly audit   'ts-api-utils': [ '1.3.0' ],
156 silly audit   'ts-interface-checker': [ '0.1.13' ],
156 silly audit   'tsconfig-paths': [ '3.15.0' ],
156 silly audit   tslib: [ '2.8.0' ],
156 silly audit   'type-check': [ '0.4.0' ],
156 silly audit   'type-fest': [ '0.20.2' ],
156 silly audit   'typed-array-buffer': [ '1.0.2' ],
156 silly audit   'typed-array-byte-length': [ '1.0.1' ],
156 silly audit   'typed-array-byte-offset': [ '1.0.2' ],
156 silly audit   'typed-array-length': [ '1.0.6' ],
156 silly audit   typescript: [ '5.6.3' ],
156 silly audit   'unbox-primitive': [ '1.0.2' ],
156 silly audit   'undici-types': [ '6.19.8' ],
156 silly audit   'uri-js': [ '4.4.1' ],
156 silly audit   'util-deprecate': [ '1.0.2' ],
156 silly audit   which: [ '2.0.2' ],
156 silly audit   'which-boxed-primitive': [ '1.0.2' ],
156 silly audit   'which-builtin-type': [ '1.1.4' ],
156 silly audit   'which-collection': [ '1.0.2' ],
156 silly audit   'which-typed-array': [ '1.1.15' ],
156 silly audit   'word-wrap': [ '1.2.5' ],
156 silly audit   'wrap-ansi': [ '8.1.0', '7.0.0' ],
156 silly audit   wrappy: [ '1.0.2' ],
156 silly audit   yaml: [ '2.6.0' ],
156 silly audit   'yocto-queue': [ '0.1.0' ],
156 silly audit   'gh-pages': [ '6.3.0' ],
156 silly audit   async: [ '3.2.6' ],
156 silly audit   'email-addresses': [ '5.0.0' ],
156 silly audit   filenamify: [ '4.3.0' ],
156 silly audit   'find-cache-dir': [ '3.3.2' ],
156 silly audit   'fs-extra': [ '11.3.6' ],
156 silly audit   globby: [ '11.1.0' ],
156 silly audit   'filename-reserved-regex': [ '2.0.0' ],
156 silly audit   'strip-outer': [ '1.0.1' ],
156 silly audit   'trim-repeated': [ '1.0.0' ],
156 silly audit   commondir: [ '1.0.1' ],
156 silly audit   'make-dir': [ '3.1.0' ],
156 silly audit   'pkg-dir': [ '4.2.0' ],
156 silly audit   jsonfile: [ '6.2.1' ],
156 silly audit   universalify: [ '2.0.1' ],
156 silly audit   'array-union': [ '2.1.0' ],
156 silly audit   'dir-glob': [ '3.0.1' ],
156 silly audit   slash: [ '3.0.0' ],
156 silly audit   'path-type': [ '4.0.0' ],
156 silly audit   'p-try': [ '2.2.0' ]
156 silly audit }
157 http cache path-type@https://registry.npmjs.org/path-type/-/path-type-4.0.0.tgz 0ms (cache hit)
158 http cache p-try@https://registry.npmjs.org/p-try/-/p-try-2.2.0.tgz 0ms (cache hit)
159 http cache slash@https://registry.npmjs.org/slash/-/slash-3.0.0.tgz 0ms (cache hit)
160 http cache array-union@https://registry.npmjs.org/array-union/-/array-union-2.1.0.tgz 0ms (cache hit)
161 http cache universalify@https://registry.npmjs.org/universalify/-/universalify-2.0.1.tgz 0ms (cache hit)
162 http cache jsonfile@https://registry.npmjs.org/jsonfile/-/jsonfile-6.2.1.tgz 0ms (cache hit)
163 http cache pkg-dir@https://registry.npmjs.org/pkg-dir/-/pkg-dir-4.2.0.tgz 0ms (cache hit)
164 http cache commondir@https://registry.npmjs.org/commondir/-/commondir-1.0.1.tgz 0ms (cache hit)
165 http cache dir-glob@https://registry.npmjs.org/dir-glob/-/dir-glob-3.0.1.tgz 0ms (cache hit)
166 http cache trim-repeated@https://registry.npmjs.org/trim-repeated/-/trim-repeated-1.0.0.tgz 0ms (cache hit)
167 http cache make-dir@https://registry.npmjs.org/make-dir/-/make-dir-3.1.0.tgz 0ms (cache hit)
168 http cache filename-reserved-regex@https://registry.npmjs.org/filename-reserved-regex/-/filename-reserved-regex-2.0.0.tgz 0ms (cache hit)
169 http cache strip-outer@https://registry.npmjs.org/strip-outer/-/strip-outer-1.0.1.tgz 0ms (cache hit)
170 http cache fs-extra@https://registry.npmjs.org/fs-extra/-/fs-extra-11.3.6.tgz 0ms (cache hit)
171 http cache find-cache-dir@https://registry.npmjs.org/find-cache-dir/-/find-cache-dir-3.3.2.tgz 0ms (cache hit)
172 http cache globby@https://registry.npmjs.org/globby/-/globby-11.1.0.tgz 0ms (cache hit)
173 http cache filenamify@https://registry.npmjs.org/filenamify/-/filenamify-4.3.0.tgz 0ms (cache hit)
174 http cache p-limit@https://registry.npmjs.org/p-limit/-/p-limit-2.3.0.tgz 0ms (cache hit)
175 http cache p-locate@https://registry.npmjs.org/p-locate/-/p-locate-4.1.0.tgz 0ms (cache hit)
176 http cache email-addresses@https://registry.npmjs.org/email-addresses/-/email-addresses-5.0.0.tgz 0ms (cache hit)
177 http cache locate-path@https://registry.npmjs.org/locate-path/-/locate-path-5.0.0.tgz 0ms (cache hit)
178 http cache semver@https://registry.npmjs.org/semver/-/semver-6.3.1.tgz 0ms (cache hit)
179 http cache find-up@https://registry.npmjs.org/find-up/-/find-up-4.1.0.tgz 0ms (cache hit)
180 http cache gh-pages@https://registry.npmjs.org/gh-pages/-/gh-pages-6.3.0.tgz 0ms (cache hit)
181 http cache escape-string-regexp@https://registry.npmjs.org/escape-string-regexp/-/escape-string-regexp-1.0.5.tgz 0ms (cache hit)
182 http cache async@https://registry.npmjs.org/async/-/async-3.2.6.tgz 0ms (cache hit)
183 silly tarball no local data for path-type@https://registry.npmjs.org/path-type/-/path-type-4.0.0.tgz. Extracting by manifest.
184 silly tarball no local data for p-try@https://registry.npmjs.org/p-try/-/p-try-2.2.0.tgz. Extracting by manifest.
185 silly tarball no local data for slash@https://registry.npmjs.org/slash/-/slash-3.0.0.tgz. Extracting by manifest.
186 silly tarball no local data for array-union@https://registry.npmjs.org/array-union/-/array-union-2.1.0.tgz. Extracting by manifest.
187 silly tarball no local data for universalify@https://registry.npmjs.org/universalify/-/universalify-2.0.1.tgz. Extracting by manifest.
188 silly tarball no local data for jsonfile@https://registry.npmjs.org/jsonfile/-/jsonfile-6.2.1.tgz. Extracting by manifest.
189 silly tarball no local data for pkg-dir@https://registry.npmjs.org/pkg-dir/-/pkg-dir-4.2.0.tgz. Extracting by manifest.
190 silly tarball no local data for commondir@https://registry.npmjs.org/commondir/-/commondir-1.0.1.tgz. Extracting by manifest.
191 silly tarball no local data for dir-glob@https://registry.npmjs.org/dir-glob/-/dir-glob-3.0.1.tgz. Extracting by manifest.
192 silly tarball no local data for trim-repeated@https://registry.npmjs.org/trim-repeated/-/trim-repeated-1.0.0.tgz. Extracting by manifest.
193 silly tarball no local data for make-dir@https://registry.npmjs.org/make-dir/-/make-dir-3.1.0.tgz. Extracting by manifest.
194 silly tarball no local data for filename-reserved-regex@https://registry.npmjs.org/filename-reserved-regex/-/filename-reserved-regex-2.0.0.tgz. Extracting by manifest.
195 silly tarball no local data for strip-outer@https://registry.npmjs.org/strip-outer/-/strip-outer-1.0.1.tgz. Extracting by manifest.
196 silly tarball no local data for fs-extra@https://registry.npmjs.org/fs-extra/-/fs-extra-11.3.6.tgz. Extracting by manifest.
197 silly tarball no local data for find-cache-dir@https://registry.npmjs.org/find-cache-dir/-/find-cache-dir-3.3.2.tgz. Extracting by manifest.
198 silly tarball no local data for globby@https://registry.npmjs.org/globby/-/globby-11.1.0.tgz. Extracting by manifest.
199 silly tarball no local data for filenamify@https://registry.npmjs.org/filenamify/-/filenamify-4.3.0.tgz. Extracting by manifest.
200 silly tarball no local data for p-limit@https://registry.npmjs.org/p-limit/-/p-limit-2.3.0.tgz. Extracting by manifest.
201 silly tarball no local data for p-locate@https://registry.npmjs.org/p-locate/-/p-locate-4.1.0.tgz. Extracting by manifest.
202 silly tarball no local data for email-addresses@https://registry.npmjs.org/email-addresses/-/email-addresses-5.0.0.tgz. Extracting by manifest.
203 silly tarball no local data for locate-path@https://registry.npmjs.org/locate-path/-/locate-path-5.0.0.tgz. Extracting by manifest.
204 silly tarball no local data for semver@https://registry.npmjs.org/semver/-/semver-6.3.1.tgz. Extracting by manifest.
205 silly tarball no local data for find-up@https://registry.npmjs.org/find-up/-/find-up-4.1.0.tgz. Extracting by manifest.
206 silly tarball no local data for gh-pages@https://registry.npmjs.org/gh-pages/-/gh-pages-6.3.0.tgz. Extracting by manifest.
207 silly tarball no local data for escape-string-regexp@https://registry.npmjs.org/escape-string-regexp/-/escape-string-regexp-1.0.5.tgz. Extracting by manifest.
208 silly tarball no local data for async@https://registry.npmjs.org/async/-/async-3.2.6.tgz. Extracting by manifest.
209 http cache commander@https://registry.npmjs.org/commander/-/commander-13.1.0.tgz 0ms (cache hit)
210 http cache escape-string-regexp@https://registry.npmjs.org/escape-string-regexp/-/escape-string-regexp-1.0.5.tgz 0ms (cache hit)
211 silly tarball no local data for commander@https://registry.npmjs.org/commander/-/commander-13.1.0.tgz. Extracting by manifest.
212 silly tarball no local data for escape-string-regexp@https://registry.npmjs.org/escape-string-regexp/-/escape-string-regexp-1.0.5.tgz. Extracting by manifest.
213 http fetch GET 200 https://registry.npmjs.org/path-type/-/path-type-4.0.0.tgz 58ms (cache miss)
214 http fetch GET 200 https://registry.npmjs.org/universalify/-/universalify-2.0.1.tgz 59ms (cache miss)
215 http fetch GET 200 https://registry.npmjs.org/commondir/-/commondir-1.0.1.tgz 58ms (cache miss)
216 http fetch GET 200 https://registry.npmjs.org/jsonfile/-/jsonfile-6.2.1.tgz 58ms (cache miss)
217 http fetch GET 200 https://registry.npmjs.org/slash/-/slash-3.0.0.tgz 60ms (cache miss)
218 http fetch GET 200 https://registry.npmjs.org/array-union/-/array-union-2.1.0.tgz 60ms (cache miss)
219 http fetch GET 200 https://registry.npmjs.org/pkg-dir/-/pkg-dir-4.2.0.tgz 59ms (cache miss)
220 http fetch GET 200 https://registry.npmjs.org/p-try/-/p-try-2.2.0.tgz 60ms (cache miss)
221 http fetch GET 200 https://registry.npmjs.org/find-cache-dir/-/find-cache-dir-3.3.2.tgz 69ms (cache miss)
222 http fetch GET 200 https://registry.npmjs.org/globby/-/globby-11.1.0.tgz 69ms (cache miss)
223 http fetch GET 200 https://registry.npmjs.org/filenamify/-/filenamify-4.3.0.tgz 74ms (cache miss)
224 http fetch GET 200 https://registry.npmjs.org/p-limit/-/p-limit-2.3.0.tgz 74ms (cache miss)
225 http fetch GET 200 https://registry.npmjs.org/p-locate/-/p-locate-4.1.0.tgz 78ms (cache miss)
226 http fetch GET 200 https://registry.npmjs.org/dir-glob/-/dir-glob-3.0.1.tgz 83ms (cache miss)
227 http fetch GET 200 https://registry.npmjs.org/make-dir/-/make-dir-3.1.0.tgz 95ms (cache miss)
228 http fetch GET 200 https://registry.npmjs.org/semver/-/semver-6.3.1.tgz 95ms (cache miss)
229 http fetch GET 200 https://registry.npmjs.org/locate-path/-/locate-path-5.0.0.tgz 97ms (cache miss)
230 http fetch GET 200 https://registry.npmjs.org/strip-outer/-/strip-outer-1.0.1.tgz 99ms (cache miss)
231 http fetch GET 200 https://registry.npmjs.org/find-up/-/find-up-4.1.0.tgz 99ms (cache miss)
232 http fetch GET 200 https://registry.npmjs.org/trim-repeated/-/trim-repeated-1.0.0.tgz 102ms (cache miss)
233 http fetch GET 200 https://registry.npmjs.org/email-addresses/-/email-addresses-5.0.0.tgz 102ms (cache miss)
234 http fetch GET 200 https://registry.npmjs.org/filename-reserved-regex/-/filename-reserved-regex-2.0.0.tgz 104ms (cache miss)
235 http fetch GET 200 https://registry.npmjs.org/gh-pages/-/gh-pages-6.3.0.tgz 104ms (cache miss)
236 http fetch GET 200 https://registry.npmjs.org/fs-extra/-/fs-extra-11.3.6.tgz 107ms (cache miss)
237 http fetch GET 200 https://registry.npmjs.org/escape-string-regexp/-/escape-string-regexp-1.0.5.tgz 112ms (cache miss)
238 http fetch GET 200 https://registry.npmjs.org/escape-string-regexp/-/escape-string-regexp-1.0.5.tgz 100ms (cache miss)
239 http fetch GET 200 https://registry.npmjs.org/commander/-/commander-13.1.0.tgz 111ms (cache miss)
240 http fetch GET 200 https://registry.npmjs.org/async/-/async-3.2.6.tgz 153ms (cache miss)
241 http fetch POST 200 https://registry.npmjs.org/-/npm/v1/security/advisories/bulk 272ms
242 silly audit report {
242 silly audit report   'brace-expansion': [
242 silly audit report     {
242 silly audit report       id: 1105443,
242 silly audit report       url: 'https://github.com/advisories/GHSA-v6h2-p8h4-qcjw',
242 silly audit report       title: 'brace-expansion Regular Expression Denial of Service vulnerability',
242 silly audit report       severity: 'low',
242 silly audit report       vulnerable_versions: '>=1.0.0 <=1.1.11',
242 silly audit report       cwe: [Array],
242 silly audit report       cvss: [Object]
242 silly audit report     },
242 silly audit report     {
242 silly audit report       id: 1105444,
242 silly audit report       url: 'https://github.com/advisories/GHSA-v6h2-p8h4-qcjw',
242 silly audit report       title: 'brace-expansion Regular Expression Denial of Service vulnerability',
242 silly audit report       severity: 'low',
242 silly audit report       vulnerable_versions: '>=2.0.0 <=2.0.1',
242 silly audit report       cwe: [Array],
242 silly audit report       cvss: [Object]
242 silly audit report     },
242 silly audit report     {
242 silly audit report       id: 1115540,
242 silly audit report       url: 'https://github.com/advisories/GHSA-f886-m6hf-6m8v',
242 silly audit report       title: 'brace-expansion: Zero-step sequence causes process hang and memory exhaustion',
242 silly audit report       severity: 'moderate',
242 silly audit report       vulnerable_versions: '<1.1.13',
242 silly audit report       cwe: [Array],
242 silly audit report       cvss: [Object]
242 silly audit report     },
242 silly audit report     {
242 silly audit report       id: 1115541,
242 silly audit report       url: 'https://github.com/advisories/GHSA-f886-m6hf-6m8v',
242 silly audit report       title: 'brace-expansion: Zero-step sequence causes process hang and memory exhaustion',
242 silly audit report       severity: 'moderate',
242 silly audit report       vulnerable_versions: '>=2.0.0 <2.0.3',
242 silly audit report       cwe: [Array],
242 silly audit report       cvss: [Object]
242 silly audit report     }
242 silly audit report   ],
242 silly audit report   minimatch: [
242 silly audit report     {
242 silly audit report       id: 1113459,
242 silly audit report       url: 'https://github.com/advisories/GHSA-3ppc-4f35-3m26',
242 silly audit report       title: 'minimatch has a ReDoS via repeated wildcards with non-matching literal in pattern',
242 silly audit report       severity: 'high',
242 silly audit report       vulnerable_versions: '<3.1.3',
242 silly audit report       cwe: [Array],
242 silly audit report       cvss: [Object]
242 silly audit report     },
242 silly audit report     {
242 silly audit report       id: 1113465,
242 silly audit report       url: 'https://github.com/advisories/GHSA-3ppc-4f35-3m26',
242 silly audit report       title: 'minimatch has a ReDoS via repeated wildcards with non-matching literal in pattern',
242 silly audit report       severity: 'high',
242 silly audit report       vulnerable_versions: '>=9.0.0 <9.0.6',
242 silly audit report       cwe: [Array],
242 silly audit report       cvss: [Object]
242 silly audit report     },
242 silly audit report     {
242 silly audit report       id: 1113538,
242 silly audit report       url: 'https://github.com/advisories/GHSA-7r86-cg39-jmmj',
242 silly audit report       title: 'minimatch has ReDoS: matchOne() combinatorial backtracking via multiple non-adjacent GLOBSTAR segments',
242 silly audit report       severity: 'high',
242 silly audit report       vulnerable_versions: '<3.1.3',
242 silly audit report       cwe: [Array],
242 silly audit report       cvss: [Object]
242 silly audit report     },
242 silly audit report     {
242 silly audit report       id: 1113544,
242 silly audit report       url: 'https://github.com/advisories/GHSA-7r86-cg39-jmmj',
242 silly audit report       title: 'minimatch has ReDoS: matchOne() combinatorial backtracking via multiple non-adjacent GLOBSTAR segments',
242 silly audit report       severity: 'high',
242 silly audit report       vulnerable_versions: '>=9.0.0 <9.0.7',
242 silly audit report       cwe: [Array],
242 silly audit report       cvss: [Object]
242 silly audit report     },
242 silly audit report     {
242 silly audit report       id: 1113546,
242 silly audit report       url: 'https://github.com/advisories/GHSA-23c5-xmqv-rm74',
242 silly audit report       title: 'minimatch ReDoS: nested *() extglobs generate catastrophically backtracking regular expressions',
242 silly audit report       severity: 'high',
242 silly audit report       vulnerable_versions: '<3.1.4',
242 silly audit report       cwe: [Array],
242 silly audit report       cvss: [Object]
242 silly audit report     },
242 silly audit report     {
242 silly audit report       id: 1113552,
242 silly audit report       url: 'https://github.com/advisories/GHSA-23c5-xmqv-rm74',
242 silly audit report       title: 'minimatch ReDoS: nested *() extglobs generate catastrophically backtracking regular expressions',
242 silly audit report       severity: 'high',
242 silly audit report       vulnerable_versions: '>=9.0.0 <9.0.7',
242 silly audit report       cwe: [Array],
242 silly audit report       cvss: [Object]
242 silly audit report     }
242 silly audit report   ],
242 silly audit report   ajv: [
242 silly audit report     {
242 silly audit report       id: 1113714,
242 silly audit report       url: 'https://github.com/advisories/GHSA-2g4f-4pwh-qvx6',
242 silly audit report       title: 'ajv has ReDoS when using `$data` option',
242 silly audit report       severity: 'moderate',
242 silly audit report       vulnerable_versions: '<6.14.0',
242 silly audit report       cwe: [Array],
242 silly audit report       cvss: [Object]
242 silly audit report     }
242 silly audit report   ],
242 silly audit report   'cross-spawn': [
242 silly audit report     {
242 silly audit report       id: 1104664,
242 silly audit report       url: 'https://github.com/advisories/GHSA-3xgq-45jj-v275',
242 silly audit report       title: 'Regular Expression Denial of Service (ReDoS) in cross-spawn',
242 silly audit report       severity: 'high',
242 silly audit report       vulnerable_versions: '>=7.0.0 <7.0.5',
242 silly audit report       cwe: [Array],
242 silly audit report       cvss: [Object]
242 silly audit report     }
242 silly audit report   ],
242 silly audit report   flatted: [
242 silly audit report     {
242 silly audit report       id: 1114526,
242 silly audit report       url: 'https://github.com/advisories/GHSA-25h7-pfq9-p65f',
242 silly audit report       title: 'flatted vulnerable to unbounded recursion DoS in parse() revive phase',
242 silly audit report       severity: 'high',
242 silly audit report       vulnerable_versions: '<3.4.0',
242 silly audit report       cwe: [Array],
242 silly audit report       cvss: [Object]
242 silly audit report     },
242 silly audit report     {
242 silly audit report       id: 1115357,
242 silly audit report       url: 'https://github.com/advisories/GHSA-rf6f-7fwh-wjgh',
242 silly audit report       title: 'Prototype Pollution via parse() in NodeJS flatted',
242 silly audit report       severity: 'high',
242 silly audit report       vulnerable_versions: '<=3.4.1',
242 silly audit report       cwe: [Array],
242 silly audit report       cvss: [Object]
242 silly audit report     }
242 silly audit report   ],
242 silly audit report   glob: [
242 silly audit report     {
242 silly audit report       id: 1109842,
242 silly audit report       url: 'https://github.com/advisories/GHSA-5j98-mcp5-4vw2',
242 silly audit report       title: 'glob CLI: Command injection via -c/--cmd executes matches with shell:true',
242 silly audit report       severity: 'high',
242 silly audit report       vulnerable_versions: '>=10.2.0 <10.5.0',
242 silly audit report       cwe: [Array],
242 silly audit report       cvss: [Object]
242 silly audit report     }
242 silly audit report   ],
242 silly audit report   'js-yaml': [
242 silly audit report     {
242 silly audit report       id: 1112715,
242 silly audit report       url: 'https://github.com/advisories/GHSA-mh29-5h37-fv8m',
242 silly audit report       title: 'js-yaml has prototype pollution in merge (<<)',
242 silly audit report       severity: 'moderate',
242 silly audit report       vulnerable_versions: '>=4.0.0 <4.1.1',
242 silly audit report       cwe: [Array],
242 silly audit report       cvss: [Object]
242 silly audit report     },
242 silly audit report     {
242 silly audit report       id: 1121860,
242 silly audit report       url: 'https://github.com/advisories/GHSA-h67p-54hq-rp68',
242 silly audit report       title: 'JS-YAML: Quadratic-complexity DoS in merge key handling via repeated aliases',
242 silly audit report       severity: 'moderate',
242 silly audit report       vulnerable_versions: '>=4.0.0 <=4.1.1',
242 silly audit report       cwe: [Array],
242 silly audit report       cvss: [Object]
242 silly audit report     }
242 silly audit report   ],
242 silly audit report   nanoid: [
242 silly audit report     {
242 silly audit report       id: 1109563,
242 silly audit report       url: 'https://github.com/advisories/GHSA-mwcw-c2x4-8c55',
242 silly audit report       title: 'Predictable results in nanoid generation when given non-integer values',
242 silly audit report       severity: 'moderate',
242 silly audit report       vulnerable_versions: '<3.3.8',
242 silly audit report       cwe: [Array],
242 silly audit report       cvss: [Object]
242 silly audit report     }
242 silly audit report   ],
242 silly audit report   next: [
242 silly audit report     {
242 silly audit report       id: 1117931,
242 silly audit report       url: 'https://github.com/advisories/GHSA-8h8q-6873-q5fj',
242 silly audit report       title: 'Next.js Vulnerable to Denial of Service with Server Components',
242 silly audit report       severity: 'high',
242 silly audit report       vulnerable_versions: '>=13.0.0 <15.5.16',
242 silly audit report       cwe: [Array],
242 silly audit report       cvss: [Object]
242 silly audit report     },
242 silly audit report     {
242 silly audit report       id: 1101438,
242 silly audit report       url: 'https://github.com/advisories/GHSA-7m27-7ghc-44w9',
242 silly audit report       title: 'Next.js Allows a Denial of Service (DoS) with Server Actions',
242 silly audit report       severity: 'moderate',
242 silly audit report       vulnerable_versions: '>=14.0.0 <14.2.21',
242 silly audit report       cwe: [Array],
242 silly audit report       cvss: [Object]
242 silly audit report     },
242 silly audit report     {
242 silly audit report       id: 1105461,
242 silly audit report       url: 'https://github.com/advisories/GHSA-3h52-269p-cp9r',
242 silly audit report       title: 'Information exposure in Next.js dev server due to lack of origin verification',
242 silly audit report       severity: 'low',
242 silly audit report       vulnerable_versions: '>=13.0 <14.2.30',
242 silly audit report       cwe: [Array],
242 silly audit report       cvss: [Object]
242 silly audit report     },
242 silly audit report     {
242 silly audit report       id: 1111391,
242 silly audit report       url: 'https://github.com/advisories/GHSA-mwv6-3258-q52c',
242 silly audit report       title: 'Next Vulnerable to Denial of Service with Server Components',
242 silly audit report       severity: 'high',
242 silly audit report       vulnerable_versions: '>=13.3.0 <14.2.34',
242 silly audit report       cwe: [Array],
242 silly audit report       cvss: [Object]
242 silly audit report     },
242 silly audit report     {
242 silly audit report       id: 1107226,
242 silly audit report       url: 'https://github.com/advisories/GHSA-g5qg-72qw-gw5v',
242 silly audit report       title: 'Next.js Affected by Cache Key Confusion for Image Optimization API Routes',
242 silly audit report       severity: 'moderate',
242 silly audit report       vulnerable_versions: '>=0.9.9 <14.2.31',
242 silly audit report       cwe: [Array],
242 silly audit report       cvss: [Object]
242 silly audit report     },
242 silly audit report     {
242 silly audit report       id: 1107512,
242 silly audit report       url: 'https://github.com/advisories/GHSA-4342-x723-ch2f',
242 silly audit report       title: 'Next.js Improper Middleware Redirect Handling Leads to SSRF',
242 silly audit report       severity: 'moderate',
242 silly audit report       vulnerable_versions: '>=0.9.9 <14.2.32',
242 silly audit report       cwe: [Array],
242 silly audit report       cvss: [Object]
242 silly audit report     },
242 silly audit report     {
242 silly audit report       id: 1107513,
242 silly audit report       url: 'https://github.com/advisories/GHSA-xv57-4mr9-wg8v',
242 silly audit report       title: 'Next.js Content Injection Vulnerability for Image Optimization',
242 silly audit report       severity: 'moderate',
242 silly audit report       vulnerable_versions: '>=0.9.9 <14.2.31',
242 silly audit report       cwe: [Array],
242 silly audit report       cvss: [Object]
242 silly audit report     },
242 silly audit report     {
242 silly audit report       id: 1112182,
242 silly audit report       url: 'https://github.com/advisories/GHSA-5j59-xgg2-r9c4',
242 silly audit report       title: 'Next has a Denial of Service with Server Components - Incomplete Fix Follow-Up',
242 silly audit report       severity: 'high',
242 silly audit report       vulnerable_versions: '>=13.3.1-canary.0 <14.2.35',
242 silly audit report       cwe: [Array],
242 silly audit report       cvss: [Object]
242 silly audit report     },
242 silly audit report     {
242 silly audit report       id: 1108291,
242 silly audit report       url: 'https://github.com/advisories/GHSA-qpjv-v59x-3qc4',
242 silly audit report       title: 'Next.js Race Condition to Cache Poisoning',
242 silly audit report       severity: 'low',
242 silly audit report       vulnerable_versions: '>=0.9.9 <14.2.24',
242 silly audit report       cwe: [Array],
242 silly audit report       cvss: [Object]
242 silly audit report     },
242 silly audit report     {
242 silly audit report       id: 1118942,
242 silly audit report       url: 'https://github.com/advisories/GHSA-3g8h-86w9-wvmq',
242 silly audit report       title: "Next.js's Middleware / Proxy redirects can be cache-poisoned",
242 silly audit report       severity: 'low',
242 silly audit report       vulnerable_versions: '>=12.2.0 <15.5.16',
242 silly audit report       cwe: [Array],
242 silly audit report       cvss: [Object]
242 silly audit report     },
242 silly audit report     {
242 silly audit report       id: 1118944,
242 silly audit report       url: 'https://github.com/advisories/GHSA-ffhc-5mcf-pf4q',
242 silly audit report       title: 'Next.js vulnerable to cross-site scripting in App Router applications using CSP nonces',
242 silly audit report       severity: 'moderate',
242 silly audit report       vulnerable_versions: '>=13.4.0 <15.5.16',
242 silly audit report       cwe: [Array],
242 silly audit report       cvss: [Object]
242 silly audit report     },
242 silly audit report     {
242 silly audit report       id: 1118946,
242 silly audit report       url: 'https://github.com/advisories/GHSA-vfv6-92ff-j949',
242 silly audit report       title: 'Next.js vulnerable to cache poisoning via collisions in React Server Component cache-busting',
242 silly audit report       severity: 'low',
242 silly audit report       vulnerable_versions: '>=13.4.6 <15.5.16',
242 silly audit report       cwe: [Array],
242 silly audit report       cvss: [Object]
242 silly audit report     },
242 silly audit report     {
242 silly audit report       id: 1118948,
242 silly audit report       url: 'https://github.com/advisories/GHSA-gx5p-jg67-6x7h',
242 silly audit report       title: 'Next.js has cross-site scripting in beforeInteractive scripts with untrusted input',
242 silly audit report       severity: 'moderate',
242 silly audit report       vulnerable_versions: '>=13.0.0 <15.5.16',
242 silly audit report       cwe: [Array],
242 silly audit report       cvss: [Object]
242 silly audit report     },
242 silly audit report     {
242 silly audit report       id: 1118952,
242 silly audit report       url: 'https://github.com/advisories/GHSA-h64f-5h5j-jqjh',
242 silly audit report       title: 'Next.js has a Denial of Service in the Image Optimization API',
242 silly audit report       severity: 'moderate',
242 silly audit report       vulnerable_versions: '>=10.0.0 <15.5.16',
242 silly audit report       cwe: [Array],
242 silly audit report       cvss: [Object]
242 silly audit report     },
242 silly audit report     {
242 silly audit report       id: 1118954,
242 silly audit report       url: 'https://github.com/advisories/GHSA-c4j6-fc7j-m34r',
242 silly audit report       title: 'Next.js vulnerable to server-side request forgery in applications using WebSocket upgrades',
242 silly audit report       severity: 'high',
242 silly audit report       vulnerable_versions: '>=13.4.13 <15.5.16',
242 silly audit report       cwe: [Array],
242 silly audit report       cvss: [Object]
242 silly audit report     },
242 silly audit report     {
242 silly audit report       id: 1118958,
242 silly audit report       url: 'https://github.com/advisories/GHSA-wfc6-r584-vfw7',
242 silly audit report       title: 'Next.js vulnerable to cache poisoning in React Server Component responses',
242 silly audit report       severity: 'moderate',
242 silly audit report       vulnerable_versions: '>=14.2.0 <15.5.16',
242 silly audit report       cwe: [Array],
242 silly audit report       cvss: [Object]
242 silly audit report     },
242 silly audit report     {
242 silly audit report       id: 1118962,
242 silly audit report       url: 'https://github.com/advisories/GHSA-36qx-fr4f-26g5',
242 silly audit report       title: 'Next.js has a Middleware / Proxy bypass in Pages Router applications using i18n',
242 silly audit report       severity: 'high',
242 silly audit report       vulnerable_versions: '>=12.2.0 <15.5.16',
242 silly audit report       cwe: [Array],
242 silly audit report       cvss: [Object]
242 silly audit report     },
242 silly audit report     {
242 silly audit report       id: 1112593,
242 silly audit report       url: 'https://github.com/advisories/GHSA-9g9p-9gw9-jx7f',
242 silly audit report       title: 'Next.js self-hosted applications vulnerable to DoS via Image Optimizer remotePatterns configuration',
242 silly audit report       severity: 'moderate',
242 silly audit report       vulnerable_versions: '>=10.0.0 <15.5.10',
242 silly audit report       cwe: [Array],
242 silly audit report       cvss: [Object]
242 silly audit report     },
242 silly audit report     {
242 silly audit report       id: 1112653,
242 silly audit report       url: 'https://github.com/advisories/GHSA-h25m-26qc-wcjf',
242 silly audit report       title: 'Next.js HTTP request deserialization can lead to DoS when using insecure React Server Components',
242 silly audit report       severity: 'high',
242 silly audit report       vulnerable_versions: '>=13.0.0 <15.0.8',
242 silly audit report       cwe: [Array],
242 silly audit report       cvss: [Object]
242 silly audit report     },
242 silly audit report     {
242 silly audit report       id: 1113689,
242 silly audit report       url: 'https://github.com/advisories/GHSA-f82v-jwr5-mffw',
242 silly audit report       title: 'Authorization Bypass in Next.js Middleware',
242 silly audit report       severity: 'critical',
242 silly audit report       vulnerable_versions: '>=14.0.0 <14.2.25',
242 silly audit report       cwe: [Array],
242 silly audit report       cvss: [Object]
242 silly audit report     },
242 silly audit report     {
242 silly audit report       id: 1114897,
242 silly audit report       url: 'https://github.com/advisories/GHSA-ggv3-7p47-pfv8',
242 silly audit report       title: 'Next.js: HTTP request smuggling in rewrites',
242 silly audit report       severity: 'moderate',
242 silly audit report       vulnerable_versions: '>=9.5.0 <15.5.13',
242 silly audit report       cwe: [Array],
242 silly audit report       cvss: [Object]
242 silly audit report     },
242 silly audit report     {
242 silly audit report       id: 1114940,
242 silly audit report       url: 'https://github.com/advisories/GHSA-3x4c-7xq6-9pq8',
242 silly audit report       title: 'Next.js: Unbounded next/image disk cache growth can exhaust storage',
242 silly audit report       severity: 'moderate',
242 silly audit report       vulnerable_versions: '>=10.0.0 <15.5.14',
242 silly audit report       cwe: [Array],
242 silly audit report       cvss: [Object]
242 silly audit report     },
242 silly audit report     {
242 silly audit report       id: 1116376,
242 silly audit report       url: 'https://github.com/advisories/GHSA-q4gf-8mx6-v5v3',
242 silly audit report       title: 'Next.js has a Denial of Service with Server Components',
242 silly audit report       severity: 'high',
242 silly audit report       vulnerable_versions: '>=13.0.0 <15.5.15',
242 silly audit report       cwe: [Array],
242 silly audit report       cvss: [Object]
242 silly audit report     }
242 silly audit report   ],
242 silly audit report   postcss: [
242 silly audit report     {
242 silly audit report       id: 1117015,
242 silly audit report       url: 'https://github.com/advisories/GHSA-qx2v-qp2m-jg93',
242 silly audit report       title: 'PostCSS has XSS via Unescaped </style> in its CSS Stringify Output',
242 silly audit report       severity: 'moderate',
242 silly audit report       vulnerable_versions: '<8.5.10',
242 silly audit report       cwe: [Array],
242 silly audit report       cvss: [Object]
242 silly audit report     }
242 silly audit report   ],
242 silly audit report   picomatch: [
242 silly audit report     {
242 silly audit report       id: 1115549,
242 silly audit report       url: 'https://github.com/advisories/GHSA-3v7f-55p6-f55p',
242 silly audit report       title: 'Picomatch: Method Injection in POSIX Character Classes causes incorrect Glob Matching',
242 silly audit report       severity: 'moderate',
242 silly audit report       vulnerable_versions: '<2.3.2',
242 silly audit report       cwe: [Array],
242 silly audit report       cvss: [Object]
242 silly audit report     },
242 silly audit report     {
242 silly audit report       id: 1115552,
242 silly audit report       url: 'https://github.com/advisories/GHSA-c2c7-rcm5-vvqj',
242 silly audit report       title: 'Picomatch has a ReDoS vulnerability via extglob quantifiers',
242 silly audit report       severity: 'high',
242 silly audit report       vulnerable_versions: '<2.3.2',
242 silly audit report       cwe: [Array],
242 silly audit report       cvss: [Object]
242 silly audit report     }
242 silly audit report   ],
242 silly audit report   yaml: [
242 silly audit report     {
242 silly audit report       id: 1115556,
242 silly audit report       url: 'https://github.com/advisories/GHSA-48c2-rrv3-qjmp',
242 silly audit report       title: 'yaml is vulnerable to Stack Overflow via deeply nested YAML collections',
242 silly audit report       severity: 'moderate',
242 silly audit report       vulnerable_versions: '>=2.0.0 <2.8.3',
242 silly audit report       cwe: [Array],
242 silly audit report       cvss: [Object]
242 silly audit report     }
242 silly audit report   ]
242 silly audit report }
243 silly packumentCache corgi:https://registry.npmjs.org/brace-expansion cache-miss
244 silly packumentCache corgi:https://registry.npmjs.org/minimatch cache-miss
245 silly packumentCache corgi:https://registry.npmjs.org/ajv cache-miss
246 silly packumentCache corgi:https://registry.npmjs.org/cross-spawn cache-miss
247 silly packumentCache corgi:https://registry.npmjs.org/flatted cache-miss
248 silly packumentCache corgi:https://registry.npmjs.org/glob cache-miss
249 silly packumentCache corgi:https://registry.npmjs.org/js-yaml cache-miss
250 silly packumentCache corgi:https://registry.npmjs.org/nanoid cache-miss
251 silly packumentCache corgi:https://registry.npmjs.org/next cache-miss
252 silly packumentCache corgi:https://registry.npmjs.org/postcss cache-miss
253 silly packumentCache corgi:https://registry.npmjs.org/picomatch cache-miss
254 silly packumentCache corgi:https://registry.npmjs.org/yaml cache-miss
255 http fetch GET 200 https://registry.npmjs.org/cross-spawn 70ms (cache miss)
256 silly packumentCache corgi:https://registry.npmjs.org/cross-spawn set size:undefined disposed:false
257 http fetch GET 200 https://registry.npmjs.org/js-yaml 75ms (cache miss)
258 silly packumentCache corgi:https://registry.npmjs.org/js-yaml set size:undefined disposed:false
259 http fetch GET 200 https://registry.npmjs.org/brace-expansion 82ms (cache miss)
260 silly packumentCache corgi:https://registry.npmjs.org/brace-expansion set size:undefined disposed:false
261 http fetch GET 200 https://registry.npmjs.org/picomatch 86ms (cache miss)
262 silly packumentCache corgi:https://registry.npmjs.org/picomatch set size:undefined disposed:false
263 http fetch GET 200 https://registry.npmjs.org/minimatch 90ms (cache miss)
264 silly packumentCache corgi:https://registry.npmjs.org/minimatch set size:undefined disposed:false
265 http fetch GET 200 https://registry.npmjs.org/glob 98ms (cache miss)
266 silly packumentCache corgi:https://registry.npmjs.org/glob set size:undefined disposed:false
267 http fetch GET 200 https://registry.npmjs.org/flatted 104ms (cache miss)
268 silly packumentCache corgi:https://registry.npmjs.org/flatted set size:undefined disposed:false
269 http fetch GET 200 https://registry.npmjs.org/yaml 117ms (cache miss)
270 silly packumentCache corgi:https://registry.npmjs.org/yaml set size:undefined disposed:false
271 http fetch GET 200 https://registry.npmjs.org/ajv 123ms (cache miss)
272 silly packumentCache corgi:https://registry.npmjs.org/ajv set size:undefined disposed:false
273 http fetch GET 200 https://registry.npmjs.org/nanoid 131ms (cache miss)
274 silly packumentCache corgi:https://registry.npmjs.org/nanoid set size:undefined disposed:false
275 http fetch GET 200 https://registry.npmjs.org/postcss 133ms (cache miss)
276 silly packumentCache corgi:https://registry.npmjs.org/postcss set size:undefined disposed:false
277 http fetch GET 200 https://registry.npmjs.org/next 435ms (cache miss)
278 silly packumentCache corgi:https://registry.npmjs.org/next set size:undefined disposed:false
279 silly packumentCache corgi:https://registry.npmjs.org/@eslint%2feslintrc cache-miss
280 silly packumentCache corgi:https://registry.npmjs.org/@humanwhocodes%2fconfig-array cache-miss
281 silly packumentCache corgi:https://registry.npmjs.org/eslint cache-miss
282 silly packumentCache corgi:https://registry.npmjs.org/eslint-plugin-import cache-miss
283 silly packumentCache corgi:https://registry.npmjs.org/eslint-plugin-jsx-a11y cache-miss
284 silly packumentCache corgi:https://registry.npmjs.org/eslint-plugin-react cache-miss
285 http fetch GET 200 https://registry.npmjs.org/eslint-plugin-jsx-a11y 45ms (cache miss)
286 silly packumentCache corgi:https://registry.npmjs.org/eslint-plugin-jsx-a11y set size:undefined disposed:false
287 http fetch GET 200 https://registry.npmjs.org/eslint-plugin-react 47ms (cache miss)
288 silly packumentCache corgi:https://registry.npmjs.org/eslint-plugin-react set size:undefined disposed:false
289 http fetch GET 200 https://registry.npmjs.org/eslint-plugin-import 51ms (cache miss)
290 silly packumentCache corgi:https://registry.npmjs.org/eslint-plugin-import set size:undefined disposed:false
291 http fetch GET 200 https://registry.npmjs.org/@eslint%2feslintrc 57ms (cache miss)
292 silly packumentCache corgi:https://registry.npmjs.org/@eslint%2feslintrc set size:undefined disposed:false
293 http fetch GET 200 https://registry.npmjs.org/@humanwhocodes%2fconfig-array 61ms (cache miss)
294 silly packumentCache corgi:https://registry.npmjs.org/@humanwhocodes%2fconfig-array set size:undefined disposed:false
295 http fetch GET 200 https://registry.npmjs.org/eslint 63ms (cache miss)
296 silly packumentCache corgi:https://registry.npmjs.org/eslint set size:undefined disposed:false
297 silly packumentCache corgi:https://registry.npmjs.org/@typescript-eslint%2ftypescript-estree cache-miss
298 http fetch GET 200 https://registry.npmjs.org/@typescript-eslint%2ftypescript-estree 302ms (cache miss)
299 silly packumentCache corgi:https://registry.npmjs.org/@typescript-eslint%2ftypescript-estree set size:undefined disposed:false
300 silly packumentCache corgi:https://registry.npmjs.org/foreground-child cache-miss
301 http fetch GET 200 https://registry.npmjs.org/foreground-child 48ms (cache miss)
302 silly packumentCache corgi:https://registry.npmjs.org/foreground-child set size:undefined disposed:false
303 silly packumentCache corgi:https://registry.npmjs.org/flat-cache cache-miss
304 http fetch GET 200 https://registry.npmjs.org/flat-cache 66ms (cache miss)
305 silly packumentCache corgi:https://registry.npmjs.org/flat-cache set size:undefined disposed:false
306 silly packumentCache corgi:https://registry.npmjs.org/@next%2feslint-plugin-next cache-miss
307 silly packumentCache corgi:https://registry.npmjs.org/sucrase cache-miss
308 http fetch GET 200 https://registry.npmjs.org/sucrase 63ms (cache miss)
309 silly packumentCache corgi:https://registry.npmjs.org/sucrase set size:undefined disposed:false
310 http fetch GET 200 https://registry.npmjs.org/@next%2feslint-plugin-next 178ms (cache miss)
311 silly packumentCache corgi:https://registry.npmjs.org/@next%2feslint-plugin-next set size:undefined disposed:false
312 silly packumentCache corgi:https://registry.npmjs.org/postcss-import cache-miss
313 silly packumentCache corgi:https://registry.npmjs.org/postcss-js cache-miss
314 silly packumentCache corgi:https://registry.npmjs.org/postcss-load-config cache-miss
315 silly packumentCache corgi:https://registry.npmjs.org/postcss-nested cache-miss
316 silly packumentCache corgi:https://registry.npmjs.org/tailwindcss cache-miss
317 http fetch GET 200 https://registry.npmjs.org/postcss-nested 165ms (cache miss)
318 silly packumentCache corgi:https://registry.npmjs.org/postcss-nested set size:undefined disposed:false
319 http fetch GET 200 https://registry.npmjs.org/postcss-load-config 178ms (cache miss)
320 silly packumentCache corgi:https://registry.npmjs.org/postcss-load-config set size:undefined disposed:false
321 http fetch GET 200 https://registry.npmjs.org/postcss-import 179ms (cache miss)
322 silly packumentCache corgi:https://registry.npmjs.org/postcss-import set size:undefined disposed:false
323 http fetch GET 200 https://registry.npmjs.org/postcss-js 185ms (cache miss)
324 silly packumentCache corgi:https://registry.npmjs.org/postcss-js set size:undefined disposed:false
325 http fetch GET 200 https://registry.npmjs.org/tailwindcss 275ms (cache miss)
326 silly packumentCache corgi:https://registry.npmjs.org/tailwindcss set size:undefined disposed:false
327 silly packumentCache corgi:https://registry.npmjs.org/anymatch cache-miss
328 silly packumentCache corgi:https://registry.npmjs.org/micromatch cache-miss
329 silly packumentCache corgi:https://registry.npmjs.org/readdirp cache-miss
330 http fetch GET 200 https://registry.npmjs.org/anymatch 30ms (cache miss)
331 silly packumentCache corgi:https://registry.npmjs.org/anymatch set size:undefined disposed:false
332 http fetch GET 200 https://registry.npmjs.org/micromatch 34ms (cache miss)
333 silly packumentCache corgi:https://registry.npmjs.org/micromatch set size:undefined disposed:false
334 http fetch GET 200 https://registry.npmjs.org/readdirp 38ms (cache miss)
335 silly packumentCache corgi:https://registry.npmjs.org/readdirp set size:undefined disposed:false
336 silly packumentCache corgi:https://registry.npmjs.org/eslint-config-next cache-miss
337 http fetch GET 200 https://registry.npmjs.org/eslint-config-next 132ms (cache miss)
338 silly packumentCache corgi:https://registry.npmjs.org/eslint-config-next set size:undefined disposed:false
339 silly ADD node_modules/p-try
340 silly ADD node_modules/path-type
341 silly ADD node_modules/slash
342 silly ADD node_modules/dir-glob
343 silly ADD node_modules/array-union
344 silly ADD node_modules/universalify
345 silly ADD node_modules/jsonfile
346 silly ADD node_modules/pkg-dir
347 silly ADD node_modules/pkg-dir/node_modules/p-limit
348 silly ADD node_modules/pkg-dir/node_modules/p-locate
349 silly ADD node_modules/pkg-dir/node_modules/locate-path
350 silly ADD node_modules/pkg-dir/node_modules/find-up
351 silly ADD node_modules/make-dir
352 silly ADD node_modules/make-dir/node_modules/semver
353 silly ADD node_modules/commondir
354 silly ADD node_modules/trim-repeated
355 silly ADD node_modules/trim-repeated/node_modules/escape-string-regexp
356 silly ADD node_modules/strip-outer
357 silly ADD node_modules/strip-outer/node_modules/escape-string-regexp
358 silly ADD node_modules/filename-reserved-regex
359 silly ADD node_modules/globby
360 silly ADD node_modules/fs-extra
361 silly ADD node_modules/find-cache-dir
362 silly ADD node_modules/filenamify
363 silly ADD node_modules/email-addresses
364 silly ADD node_modules/async
365 silly ADD node_modules/gh-pages
366 silly ADD node_modules/gh-pages/node_modules/commander
367 verbose cwd /Users/laupy/MyDoc/Coding/my-profile
368 verbose os Darwin 25.5.0
369 verbose node v24.14.0
370 verbose npm  v11.9.0
371 notice
371 notice New [33mminor[39m version of npm available! [33m11.9.0[39m -> [34m11.18.0[39m
371 notice Changelog: [34mhttps://github.com/npm/cli/releases/tag/v11.18.0[39m
371 notice To update run: [4mnpm install -g npm@11.18.0[24m
371 notice  { force: true, Symbol(proc-log.meta): true }
372 verbose exit 0
373 info ok
